#! /usr/bin/vvp
:ivl_version "12.0 (stable)";
:ivl_delay_selection "TYPICAL";
:vpi_time_precision - 12;
:vpi_module "/usr/lib64/ivl/system.vpi";
:vpi_module "/usr/lib64/ivl/vhdl_sys.vpi";
:vpi_module "/usr/lib64/ivl/vhdl_textio.vpi";
:vpi_module "/usr/lib64/ivl/v2005_math.vpi";
:vpi_module "/usr/lib64/ivl/va_math.vpi";
S_0x55ba16623d30 .scope module, "mux_tb" "mux_tb" 2 3;
 .timescale -9 -12;
v0x55ba166359d0_0 .var "i0", 0 0;
v0x55ba16635a90_0 .var "i1", 0 0;
v0x55ba16635b60_0 .var "s", 0 0;
v0x55ba16635c60_0 .net "y", 0 0, v0x55ba16635860_0;  1 drivers
S_0x55ba16623ec0 .scope module, "uut" "mux" 2 7, 3 3 0, S_0x55ba16623d30;
 .timescale -9 -12;
    .port_info 0 /INPUT 1 "i0";
    .port_info 1 /INPUT 1 "i1";
    .port_info 2 /INPUT 1 "s";
    .port_info 3 /OUTPUT 1 "y";
v0x55ba165ea490_0 .net "i0", 0 0, v0x55ba166359d0_0;  1 drivers
v0x55ba166356d0_0 .net "i1", 0 0, v0x55ba16635a90_0;  1 drivers
v0x55ba16635790_0 .net "s", 0 0, v0x55ba16635b60_0;  1 drivers
v0x55ba16635860_0 .var "y", 0 0;
E_0x55ba165ead80 .event anyedge, v0x55ba16635790_0, v0x55ba166356d0_0, v0x55ba165ea490_0;
    .scope S_0x55ba16623ec0;
T_0 ;
    %wait E_0x55ba165ead80;
    %load/vec4 v0x55ba16635790_0;
    %flag_set/vec4 8;
    %jmp/0xz  T_0.0, 8;
    %load/vec4 v0x55ba166356d0_0;
    %assign/vec4 v0x55ba16635860_0, 0;
    %jmp T_0.1;
T_0.0 ;
    %load/vec4 v0x55ba165ea490_0;
    %assign/vec4 v0x55ba16635860_0, 0;
T_0.1 ;
    %jmp T_0;
    .thread T_0, $push;
    .scope S_0x55ba16623d30;
T_1 ;
    %vpi_call 2 10 "$dumpfile", "mux_tb.vcd" {0 0 0};
    %vpi_call 2 11 "$dumpvars", 32'sb00000000000000000000000000000000, S_0x55ba16623d30 {0 0 0};
    %pushi/vec4 0, 0, 1;
    %store/vec4 v0x55ba166359d0_0, 0, 1;
    %pushi/vec4 0, 0, 1;
    %store/vec4 v0x55ba16635a90_0, 0, 1;
    %pushi/vec4 0, 0, 1;
    %store/vec4 v0x55ba16635b60_0, 0, 1;
    %delay 100000, 0;
    %vpi_call 2 12 "$finish" {0 0 0};
    %end;
    .thread T_1;
    .scope S_0x55ba16623d30;
T_2 ;
    %delay 10000, 0;
    %load/vec4 v0x55ba166359d0_0;
    %inv;
    %store/vec4 v0x55ba166359d0_0, 0, 1;
    %jmp T_2;
    .thread T_2;
    .scope S_0x55ba16623d30;
T_3 ;
    %delay 20000, 0;
    %load/vec4 v0x55ba16635a90_0;
    %inv;
    %store/vec4 v0x55ba16635a90_0, 0, 1;
    %jmp T_3;
    .thread T_3;
    .scope S_0x55ba16623d30;
T_4 ;
    %delay 40000, 0;
    %load/vec4 v0x55ba16635b60_0;
    %inv;
    %store/vec4 v0x55ba16635b60_0, 0, 1;
    %jmp T_4;
    .thread T_4;
# The file index is used to find the file name in the following table.
:file_names 4;
    "N/A";
    "<interactive>";
    "mux_tb.v";
    "mux.v";
